2025-10-19 19:37:11,441 INFO: Face Attendance System startup [in C:\face_attendance_web\app.py:78]
2025-10-19 19:37:24,412 INFO: Application shutdown [in C:\face_attendance_web\app.py:1096]
2025-10-19 19:37:33,852 INFO: Face Attendance System startup [in C:\face_attendance_web\app.py:78]
2025-10-19 19:37:36,183 INFO: Face Attendance System startup [in C:\face_attendance_web\app.py:78]
2025-10-19 19:39:11,783 INFO: Admin login successful: admin [in C:\face_attendance_web\app.py:333]
2025-10-19 20:12:59,518 INFO: Application shutdown [in C:\face_attendance_web\app.py:1096]
2025-10-19 20:13:02,464 INFO: Face Attendance System startup [in C:\face_attendance_web\app.py:78]
2025-10-19 20:13:43,164 INFO: Application shutdown [in C:\face_attendance_web\app.py:1096]
2025-10-19 20:13:45,979 INFO: Face Attendance System startup [in C:\face_attendance_web\app.py:78]
2025-10-19 20:18:14,798 INFO: Admin login successful: admin [in C:\face_attendance_web\app.py:333]
2025-10-19 20:22:07,105 INFO: Application shutdown [in C:\face_attendance_web\app.py:1096]
2025-10-19 20:22:09,886 INFO: Face Attendance System startup [in C:\face_attendance_web\app.py:78]
2025-10-19 20:23:23,127 INFO: Application shutdown [in C:\face_attendance_web\app.py:1096]
2025-10-19 20:23:25,870 INFO: Face Attendance System startup [in C:\face_attendance_web\app.py:78]
2025-10-19 20:25:41,056 INFO: Application shutdown [in C:\face_attendance_web\app.py:1154]
2025-10-19 20:25:43,819 INFO: Face Attendance System startup [in C:\face_attendance_web\app.py:78]
2025-10-19 20:35:46,536 INFO: Application shutdown [in C:\face_attendance_web\app.py:1189]
2025-10-19 20:35:49,517 INFO: Face Attendance System startup [in C:\face_attendance_web\app.py:78]
2025-10-19 20:38:16,121 INFO: Application shutdown [in C:\face_attendance_web\app.py:1199]
2025-10-19 20:38:18,988 INFO: Face Attendance System startup [in C:\face_attendance_web\app.py:78]
2025-10-19 20:39:07,958 ERROR: Dashboard stats error: bytearray index out of range [in C:\face_attendance_web\app.py:368]
2025-10-19 20:39:07,958 ERROR: Dashboard stats error: bytearray index out of range [in C:\face_attendance_web\app.py:368]
2025-10-19 20:39:37,947 ERROR: Dashboard stats error: Invalid result [in C:\face_attendance_web\app.py:368]
2025-10-19 20:42:35,234 ERROR: Dashboard stats error: 'NoneType' object is not subscriptable [in C:\face_attendance_web\app.py:368]
2025-10-19 20:43:56,932 ERROR: Dashboard stats error: 'total_students' [in C:\face_attendance_web\app.py:368]
2025-10-19 20:44:35,972 INFO: Application shutdown [in C:\face_attendance_web\app.py:1223]
2025-10-19 20:44:36,156 INFO: Application shutdown [in C:\face_attendance_web\app.py:1096]
2025-10-19 20:44:42,467 INFO: Face Attendance System startup [in C:\face_attendance_web\app.py:78]
2025-10-19 20:44:44,735 INFO: Face Attendance System startup [in C:\face_attendance_web\app.py:78]
2025-10-19 21:33:14,793 INFO: Face Attendance System startup [in C:\face_attendance_web\app.py:78]
2025-10-19 21:33:17,153 INFO: Face Attendance System startup [in C:\face_attendance_web\app.py:78]
2025-10-19 21:33:37,106 INFO: Admin login successful: admin [in C:\face_attendance_web\app.py:333]
2025-10-19 21:34:06,806 INFO: Admin login successful: admin [in C:\face_attendance_web\app.py:333]
2025-10-19 21:36:59,162 INFO: Application shutdown [in C:\face_attendance_web\app.py:1223]
2025-10-19 21:36:59,413 INFO: Application shutdown [in C:\face_attendance_web\app.py:1223]
2025-10-19 21:37:05,581 INFO: Face Attendance System startup [in C:\face_attendance_web\app.py:78]
2025-10-19 21:37:08,082 INFO: Face Attendance System startup [in C:\face_attendance_web\app.py:78]
2025-10-19 21:37:52,042 INFO: Application shutdown [in C:\face_attendance_web\app.py:1096]
2025-10-19 21:37:52,237 INFO: Application shutdown [in C:\face_attendance_web\app.py:1096]
2025-10-19 21:38:59,278 INFO: Face Attendance System startup [in C:\face_attendance_web\app.py:78]
2025-10-19 21:39:01,598 INFO: Face Attendance System startup [in C:\face_attendance_web\app.py:78]
2025-10-19 21:39:08,068 INFO: Admin login successful: admin [in C:\face_attendance_web\app.py:333]
2025-10-19 21:43:08,462 ERROR: Dashboard stats error: 2055: Lost connection to MySQL server at 'localhost:3306', system error: Errno 10054: An existing connection was forcibly closed by the remote host [in C:\face_attendance_web\app.py:368]
2025-10-19 21:43:15,567 INFO: Application shutdown [in C:\face_attendance_web\app.py:1096]
2025-10-19 21:43:15,767 INFO: Application shutdown [in C:\face_attendance_web\app.py:1096]
2025-10-19 21:43:20,851 INFO: Face Attendance System startup [in C:\face_attendance_web\app.py:78]
2025-10-19 21:43:23,187 INFO: Face Attendance System startup [in C:\face_attendance_web\app.py:78]
2025-10-19 21:45:38,057 INFO: Application shutdown [in C:\face_attendance_web\app.py:1096]
2025-10-19 21:45:38,260 INFO: Application shutdown [in C:\face_attendance_web\app.py:1096]
2025-10-19 21:47:26,832 INFO: Face Attendance System startup [in C:\face_attendance_web\app.py:78]
2025-10-19 21:47:29,186 INFO: Face Attendance System startup [in C:\face_attendance_web\app.py:78]
2025-10-19 21:54:48,845 INFO: Application shutdown [in C:\face_attendance_web\app.py:1096]
2025-10-19 21:54:51,793 INFO: Face Attendance System startup [in C:\face_attendance_web\app.py:78]
2025-10-19 21:55:37,669 INFO: Application shutdown [in C:\face_attendance_web\app.py:1119]
2025-10-19 21:55:41,461 INFO: Face Attendance System startup [in C:\face_attendance_web\app.py:78]
2025-10-19 21:56:11,107 INFO: Student login successful: abdul_kabeer_utk (1212) [in C:\face_attendance_web\app.py:512]
2025-10-19 21:57:11,664 INFO: Leave application submitted by abdul_kabeer_utk (1212) [in C:\face_attendance_web\app.py:857]
2025-10-19 22:01:01,763 INFO: Test email sent successfully [in C:\face_attendance_web\app.py:1108]
2025-10-19 22:04:35,687 INFO: Application shutdown [in C:\face_attendance_web\app.py:1120]
2025-10-19 22:04:38,798 INFO: Face Attendance System startup [in C:\face_attendance_web\app.py:78]
2025-10-19 22:05:19,820 INFO: Leave application submitted by abdul_kabeer_utk (1212) [in C:\face_attendance_web\app.py:858]
2025-10-19 22:06:22,108 INFO: Leave 27 Approved by admin [in C:\face_attendance_web\app.py:942]
2025-10-19 22:17:18,577 INFO: Application shutdown [in C:\face_attendance_web\app.py:1187]
2025-10-19 22:17:21,225 INFO: Face Attendance System startup [in C:\face_attendance_web\app.py:78]
2025-10-19 22:17:38,273 INFO: Leave 26 Approved by admin [in C:\face_attendance_web\app.py:944]
2025-10-19 22:18:02,532 INFO: Application shutdown [in C:\face_attendance_web\app.py:1261]
2025-10-19 22:18:02,712 INFO: Application shutdown [in C:\face_attendance_web\app.py:1096]
2025-10-19 22:18:08,225 INFO: Face Attendance System startup [in C:\face_attendance_web\app.py:78]
2025-10-19 22:18:10,773 INFO: Face Attendance System startup [in C:\face_attendance_web\app.py:78]
2025-10-19 22:20:22,874 INFO: Application shutdown [in C:\face_attendance_web\app.py:1261]
2025-10-19 22:20:25,944 INFO: Face Attendance System startup [in C:\face_attendance_web\app.py:78]
2025-10-19 22:21:19,637 INFO: Leave application submitted by abdul_kabeer_utk (1212) [in C:\face_attendance_web\app.py:858]
2025-10-19 22:22:17,014 INFO: Leave 28 Approved by admin [in C:\face_attendance_web\app.py:944]
2025-10-19 22:26:31,687 INFO: Application shutdown [in C:\face_attendance_web\app.py:1297]
2025-10-19 22:26:34,501 INFO: Face Attendance System startup [in C:\face_attendance_web\app.py:78]
2025-10-19 22:27:05,341 INFO: Leave application submitted by abdul_kabeer_utk (1212) [in C:\face_attendance_web\app.py:858]
2025-10-19 22:27:18,012 INFO: Leave 29 Approved by admin [in C:\face_attendance_web\app.py:944]
2025-10-19 22:28:39,318 INFO: Application shutdown [in C:\face_attendance_web\app.py:1303]
2025-10-19 22:28:39,528 INFO: Application shutdown [in C:\face_attendance_web\app.py:1261]
